1655716431098	mozrunner::runner	INFO	Running command: "/usr/bin/firefox" "-marionette" "-foreground" "-no-remote" "-profile" "/tmp/rust_mozprofileF43i8m"
1655716431492	Marionette	INFO	Marionette enabled
console.warn: SearchSettings: "get: No settings file exists, new profile?" (new NotFoundError("Could not open the file at /tmp/rust_mozprofileF43i8m/search.json.mozlz4", (void 0)))
1655716433548	Marionette	INFO	Listening on port 35871
1655716433628	RemoteAgent	WARN	TLS certificate errors will be ignored for this session
JavaScript error: resource://gre/modules/PartitioningExceptionListService.jsm, line 69: NS_ERROR_MALFORMED_URI: Component returned failure code: 0x804b000a (NS_ERROR_MALFORMED_URI) [nsIPartitioningExceptionListObserver.onExceptionListUpdate]
1655716438887	Marionette	INFO	Stopped listening on port 35871
JavaScript error: resource:///modules/Interactions.jsm, line 209: NS_ERROR_FAILURE: Component returned failure code: 0x80004005 (NS_ERROR_FAILURE) [nsIUserIdleService.removeIdleObserver]

###!!! [Parent][RunMessage] Error: Channel closing: too late to send/recv, messages will be lost

1655716440688	mozrunner::runner	INFO	Running command: "/usr/bin/firefox" "-marionette" "-foreground" "-no-remote" "-profile" "/tmp/rust_mozprofilePkKP2w"
1655716441174	Marionette	INFO	Marionette enabled
console.warn: SearchSettings: "get: No settings file exists, new profile?" (new NotFoundError("Could not open the file at /tmp/rust_mozprofilePkKP2w/search.json.mozlz4", (void 0)))
1655716443166	Marionette	INFO	Listening on port 43791
1655716443225	RemoteAgent	WARN	TLS certificate errors will be ignored for this session
JavaScript error: resource://gre/modules/PartitioningExceptionListService.jsm, line 69: NS_ERROR_MALFORMED_URI: Component returned failure code: 0x804b000a (NS_ERROR_MALFORMED_URI) [nsIPartitioningExceptionListObserver.onExceptionListUpdate]
1655716455859	Marionette	INFO	Stopped listening on port 43791
JavaScript error: resource:///modules/Interactions.jsm, line 209: NS_ERROR_FAILURE: Component returned failure code: 0x80004005 (NS_ERROR_FAILURE) [nsIUserIdleService.removeIdleObserver]

###!!! [Parent][RunMessage] Error: Channel closing: too late to send/recv, messages will be lost

1655730677927	mozrunner::runner	INFO	Running command: "/usr/bin/firefox" "-marionette" "-foreground" "-no-remote" "-profile" "/tmp/rust_mozprofileYh4N7g"
1655730678425	Marionette	INFO	Marionette enabled
console.warn: SearchSettings: "get: No settings file exists, new profile?" (new NotFoundError("Could not open the file at /tmp/rust_mozprofileYh4N7g/search.json.mozlz4", (void 0)))
1655730681218	Marionette	INFO	Listening on port 44067
1655730681282	RemoteAgent	WARN	TLS certificate errors will be ignored for this session
JavaScript error: resource://gre/modules/PartitioningExceptionListService.jsm, line 69: NS_ERROR_MALFORMED_URI: Component returned failure code: 0x804b000a (NS_ERROR_MALFORMED_URI) [nsIPartitioningExceptionListObserver.onExceptionListUpdate]
1655730699551	Marionette	INFO	Stopped listening on port 44067
JavaScript error: resource:///modules/Interactions.jsm, line 209: NS_ERROR_FAILURE: Component returned failure code: 0x80004005 (NS_ERROR_FAILURE) [nsIUserIdleService.removeIdleObserver]
1655754324843	mozrunner::runner	INFO	Running command: "/usr/bin/firefox" "-marionette" "-foreground" "-no-remote" "-profile" "/tmp/rust_mozprofile3iKbdp"
1655754325213	Marionette	INFO	Marionette enabled
console.warn: SearchSettings: "get: No settings file exists, new profile?" (new NotFoundError("Could not open the file at /tmp/rust_mozprofile3iKbdp/search.json.mozlz4", (void 0)))
1655754326710	Marionette	INFO	Listening on port 44201
1655754326823	RemoteAgent	WARN	TLS certificate errors will be ignored for this session
JavaScript error: resource://gre/modules/PartitioningExceptionListService.jsm, line 69: NS_ERROR_MALFORMED_URI: Component returned failure code: 0x804b000a (NS_ERROR_MALFORMED_URI) [nsIPartitioningExceptionListObserver.onExceptionListUpdate]
1655754332722	Marionette	INFO	Stopped listening on port 44201
JavaScript error: resource:///modules/Interactions.jsm, line 209: NS_ERROR_FAILURE: Component returned failure code: 0x80004005 (NS_ERROR_FAILURE) [nsIUserIdleService.removeIdleObserver]

###!!! [Parent][RunMessage] Error: Channel closing: too late to send/recv, messages will be lost

1655754334391	mozrunner::runner	INFO	Running command: "/usr/bin/firefox" "-marionette" "-foreground" "-no-remote" "-profile" "/tmp/rust_mozprofilekqGaRY"
1655754334828	Marionette	INFO	Marionette enabled
console.warn: SearchSettings: "get: No settings file exists, new profile?" (new NotFoundError("Could not open the file at /tmp/rust_mozprofilekqGaRY/search.json.mozlz4", (void 0)))
1655754337023	Marionette	INFO	Listening on port 35205
1655754337112	RemoteAgent	WARN	TLS certificate errors will be ignored for this session
JavaScript error: resource://gre/modules/PartitioningExceptionListService.jsm, line 69: NS_ERROR_MALFORMED_URI: Component returned failure code: 0x804b000a (NS_ERROR_MALFORMED_URI) [nsIPartitioningExceptionListObserver.onExceptionListUpdate]
1655754349429	Marionette	INFO	Stopped listening on port 35205
JavaScript error: resource:///modules/Interactions.jsm, line 209: NS_ERROR_FAILURE: Component returned failure code: 0x80004005 (NS_ERROR_FAILURE) [nsIUserIdleService.removeIdleObserver]

###!!! [Parent][RunMessage] Error: Channel closing: too late to send/recv, messages will be lost

1655754460990	mozrunner::runner	INFO	Running command: "/usr/bin/firefox" "-marionette" "-foreground" "-no-remote" "-profile" "/tmp/rust_mozprofiles2p8fL"
1655754461343	Marionette	INFO	Marionette enabled
console.warn: SearchSettings: "get: No settings file exists, new profile?" (new NotFoundError("Could not open the file at /tmp/rust_mozprofiles2p8fL/search.json.mozlz4", (void 0)))
1655754462853	Marionette	INFO	Listening on port 43909
1655754462976	RemoteAgent	WARN	TLS certificate errors will be ignored for this session
JavaScript error: resource://gre/modules/PartitioningExceptionListService.jsm, line 69: NS_ERROR_MALFORMED_URI: Component returned failure code: 0x804b000a (NS_ERROR_MALFORMED_URI) [nsIPartitioningExceptionListObserver.onExceptionListUpdate]
1655754472699	Marionette	INFO	Stopped listening on port 43909
JavaScript error: resource:///modules/Interactions.jsm, line 209: NS_ERROR_FAILURE: Component returned failure code: 0x80004005 (NS_ERROR_FAILURE) [nsIUserIdleService.removeIdleObserver]

###!!! [Parent][RunMessage] Error: Channel closing: too late to send/recv, messages will be lost

1655754489439	mozrunner::runner	INFO	Running command: "/usr/bin/firefox" "-marionette" "-foreground" "-no-remote" "-profile" "/tmp/rust_mozprofileoWubw3"
1655754489797	Marionette	INFO	Marionette enabled
console.warn: SearchSettings: "get: No settings file exists, new profile?" (new NotFoundError("Could not open the file at /tmp/rust_mozprofileoWubw3/search.json.mozlz4", (void 0)))
1655754491319	Marionette	INFO	Listening on port 42841
1655754491415	RemoteAgent	WARN	TLS certificate errors will be ignored for this session
JavaScript error: resource://gre/modules/PartitioningExceptionListService.jsm, line 69: NS_ERROR_MALFORMED_URI: Component returned failure code: 0x804b000a (NS_ERROR_MALFORMED_URI) [nsIPartitioningExceptionListObserver.onExceptionListUpdate]
1655754501231	Marionette	INFO	Stopped listening on port 42841
JavaScript error: resource:///modules/Interactions.jsm, line 209: NS_ERROR_FAILURE: Component returned failure code: 0x80004005 (NS_ERROR_FAILURE) [nsIUserIdleService.removeIdleObserver]
